<?xml version="1.0" encoding="UTF-8"?>
<testng-results skipped="0" failed="0" total="1" passed="1">
  <reporter-output>
  </reporter-output>
  <suite name="Default suite" duration-ms="13409" started-at="2015-03-11T21:41:34Z" finished-at="2015-03-11T21:41:48Z">
    <groups>
    </groups>
    <test name="Default test" duration-ms="13409" started-at="2015-03-11T21:41:34Z" finished-at="2015-03-11T21:41:48Z">
      <class name="com.bss.mailmon.rest.test.CRUDtest">
        <test-method status="PASS" signature="crud()[pri:0, instance:com.bss.mailmon.rest.test.CRUDtest@6a79c292]" name="crud" duration-ms="13397" started-at="2015-03-12T01:41:34Z" finished-at="2015-03-12T01:41:48Z">
          <reporter-output>
          </reporter-output>
        </test-method> <!-- crud -->
      </class> <!-- com.bss.mailmon.rest.test.CRUDtest -->
    </test> <!-- Default test -->
  </suite> <!-- Default suite -->
</testng-results>
